build/app/intermediates/manifest_merge_blame_file/debug/manifest-merger-blame-debug-report.txt
1<?xml version="1.0" encoding="utf-8"?>
2<manifest xmlns:android="http://schemas.android.com/apk/res/android"
3    package="com.naxcentsolution.first_flutter"
4    android:versionCode="1"
5    android:versionName="1.0.0" >
6
7    <uses-sdk
8        android:minSdkVersion="21"
9        android:targetSdkVersion="28" />
10    <!--
11         Flutter needs it to communicate with the running application
12         to allow setting breakpoints, to provide hot reload, etc.
13    -->
14    <uses-permission android:name="android.permission.INTERNET" />
14-->src/main/AndroidManifest.xml:8:10-71
14-->src/main/AndroidManifest.xml:8:27-69
15    <uses-permission android:name="android.permission.ACCESS_COARSE_LOCATION" />
15-->src/main/AndroidManifest.xml:9:10-90
15-->src/main/AndroidManifest.xml:9:27-88
16    <uses-permission android:name="android.permission.ACCESS_FINE_LOCATION" />
16-->src/main/AndroidManifest.xml:10:11-89
16-->src/main/AndroidManifest.xml:10:28-87
17    <uses-permission android:name="android.permission.READ_EXTERNAL_STORAGE" />
17-->[:image_picker] AndroidManifest.xml:7:5-80
17-->[:image_picker] AndroidManifest.xml:7:22-77
18    <uses-permission android:name="android.permission.WRITE_EXTERNAL_STORAGE" /> <!-- Include required permissions for Google Maps API to run. -->
18-->[:image_picker] AndroidManifest.xml:8:5-81
18-->[:image_picker] AndroidManifest.xml:8:22-78
19    <uses-permission android:name="android.permission.ACCESS_NETWORK_STATE" />
19-->[com.google.android.gms:play-services-maps:17.0.0] AndroidManifest.xml:23:5-79
19-->[com.google.android.gms:play-services-maps:17.0.0] AndroidManifest.xml:23:22-76
20
21    <uses-feature
21-->[com.google.android.gms:play-services-maps:17.0.0] AndroidManifest.xml:26:5-28:35
22        android:glEsVersion="0x00020000"
22-->[com.google.android.gms:play-services-maps:17.0.0] AndroidManifest.xml:27:9-41
23        android:required="true" />
23-->[com.google.android.gms:play-services-maps:17.0.0] AndroidManifest.xml:28:9-32
24
25    <application
25-->src/main/AndroidManifest.xml:11:5-66:19
26        android:name="io.flutter.app.FlutterApplication"
26-->src/main/AndroidManifest.xml:13:9-57
27        android:appComponentFactory="androidx.core.app.CoreComponentFactory"
27-->[androidx.core:core:1.2.0] AndroidManifest.xml:24:18-86
28        android:debuggable="true"
29        android:icon="@mipmap/ic_launcher"
29-->src/main/AndroidManifest.xml:15:9-43
30        android:label="first_flutter" >
30-->src/main/AndroidManifest.xml:14:9-38
31        <meta-data
31-->src/main/AndroidManifest.xml:17:7-18:73
32            android:name="com.google.android.geo.API_KEY"
32-->src/main/AndroidManifest.xml:17:18-63
33            android:value="AIzaSyB-Q6pu_qxP9eSxrFxoLn0WK_k4dXVwcHk" />
33-->src/main/AndroidManifest.xml:18:16-71
34        <!--
35    <activity ... android:windowSoftInputMode="adjustPan" ></activity>
36        <activity
37    android:name=".ui.your_activity"
38      android:windowSoftInputMode="adjustPan|stateVisible"
39        android:configChanges="orientation|keyboardHidden|keyboard|screenSize|smallestScreenSize|locale|layoutDirection|fontScale|screenLayout|density|uiMode"
40    android:theme="@style/Background"/>
41        -->
42
43        <uses-library
43-->src/main/AndroidManifest.xml:26:5-83
44            android:name="org.apache.http.legacy"
44-->src/main/AndroidManifest.xml:26:19-56
45            android:required="false" />
45-->src/main/AndroidManifest.xml:26:57-81
46
47        <activity
47-->src/main/AndroidManifest.xml:27:9-59:20
48            android:name="com.naxcentsolution.first_flutter.MainActivity"
48-->src/main/AndroidManifest.xml:30:13-41
49            android:configChanges="orientation|keyboardHidden|keyboard|screenSize|locale|layoutDirection|fontScale|screenLayout|density|uiMode"
49-->src/main/AndroidManifest.xml:33:14-145
50            android:hardwareAccelerated="true"
50-->src/main/AndroidManifest.xml:35:13-47
51            android:launchMode="singleTop"
51-->src/main/AndroidManifest.xml:31:13-43
52            android:theme="@style/LaunchTheme"
52-->src/main/AndroidManifest.xml:32:13-47
53            android:windowSoftInputMode="adjustResize" >
53-->src/main/AndroidManifest.xml:28:9-51
54
55            <!--
56                 Specifies an Android theme to apply to this Activity as soon as
57                 the Android process has started. This theme is visible to the user
58                 while the Flutter UI initializes. After that, this theme continues
59                 to determine the Window background behind the Flutter UI.
60            -->
61            <meta-data
61-->src/main/AndroidManifest.xml:42:13-45:17
62                android:name="io.flutter.embedding.android.NormalTheme"
62-->src/main/AndroidManifest.xml:43:15-70
63                android:resource="@style/NormalTheme" />
63-->src/main/AndroidManifest.xml:44:15-52
64            <!--
65                 Displays an Android View that continues showing the launch screen
66                 Drawable until Flutter paints its first frame, then this splash
67                 screen fades out. A splash screen is useful to avoid any visual
68                 gap between the end of Android's launch screen and the painting of
69                 Flutter's first frame.
70            -->
71            <meta-data
71-->src/main/AndroidManifest.xml:51:13-54:17
72                android:name="io.flutter.embedding.android.SplashScreenDrawable"
72-->src/main/AndroidManifest.xml:52:15-79
73                android:resource="@drawable/launch_background" />
73-->src/main/AndroidManifest.xml:53:15-61
74
75            <intent-filter>
75-->src/main/AndroidManifest.xml:55:13-58:29
76                <action android:name="android.intent.action.MAIN" />
76-->src/main/AndroidManifest.xml:56:17-68
76-->src/main/AndroidManifest.xml:56:25-66
77
78                <category android:name="android.intent.category.LAUNCHER" />
78-->src/main/AndroidManifest.xml:57:17-76
78-->src/main/AndroidManifest.xml:57:27-74
79            </intent-filter>
80        </activity>
81        <!--
82             Don't delete the meta-data below.
83             This is used by the Flutter tool to generate GeneratedPluginRegistrant.java
84        -->
85        <meta-data
85-->src/main/AndroidManifest.xml:62:9-64:33
86            android:name="flutterEmbedding"
86-->src/main/AndroidManifest.xml:63:13-44
87            android:value="2" />
87-->src/main/AndroidManifest.xml:64:13-30
88
89        <activity
89-->src/main/AndroidManifest.xml:65:14-139
90            android:name="com.apptreesoftware.mapview.MapActivity"
90-->src/main/AndroidManifest.xml:65:24-78
91            android:theme="@style/Theme.AppCompat.Light.DarkActionBar" />
91-->src/main/AndroidManifest.xml:65:79-137
92
93        <provider
93-->[:image_picker] AndroidManifest.xml:11:9-19:20
94            android:name="io.flutter.plugins.imagepicker.ImagePickerFileProvider"
94-->[:image_picker] AndroidManifest.xml:12:13-82
95            android:authorities="com.naxcentsolution.first_flutter.flutter.image_provider"
95-->[:image_picker] AndroidManifest.xml:13:13-74
96            android:exported="false"
96-->[:image_picker] AndroidManifest.xml:14:13-37
97            android:grantUriPermissions="true" >
97-->[:image_picker] AndroidManifest.xml:15:13-47
98            <meta-data
98-->[:image_picker] AndroidManifest.xml:16:13-18:75
99                android:name="android.support.FILE_PROVIDER_PATHS"
99-->[:image_picker] AndroidManifest.xml:17:17-67
100                android:resource="@xml/flutter_image_picker_file_paths" />
100-->[:image_picker] AndroidManifest.xml:18:17-72
101        </provider>
102
103        <activity
103-->[:url_launcher] AndroidManifest.xml:8:9-11:74
104            android:name="io.flutter.plugins.urllauncher.WebViewActivity"
104-->[:url_launcher] AndroidManifest.xml:9:13-74
105            android:exported="false"
105-->[:url_launcher] AndroidManifest.xml:10:13-37
106            android:theme="@android:style/Theme.NoTitleBar.Fullscreen" />
106-->[:url_launcher] AndroidManifest.xml:11:13-71
107
108        <service
108-->[:cloud_firestore] AndroidManifest.xml:8:9-12:19
109            android:name="com.google.firebase.components.ComponentDiscoveryService"
109-->[:cloud_firestore] AndroidManifest.xml:8:18-89
110            android:directBootAware="true"
110-->[com.google.firebase:firebase-common:19.5.0] AndroidManifest.xml:35:13-43
111            android:exported="false" >
111-->[com.google.firebase:firebase-auth:20.0.1] AndroidManifest.xml:76:13-37
112            <meta-data
112-->[:cloud_firestore] AndroidManifest.xml:9:13-11:85
113                android:name="com.google.firebase.components:io.flutter.plugins.firebase.firestore.FlutterFirebaseFirestoreRegistrar"
113-->[:cloud_firestore] AndroidManifest.xml:10:17-134
114                android:value="com.google.firebase.components.ComponentRegistrar" />
114-->[:cloud_firestore] AndroidManifest.xml:11:17-82
115            <meta-data
115-->[:firebase_auth] AndroidManifest.xml:9:13-11:85
116                android:name="com.google.firebase.components:io.flutter.plugins.firebase.auth.FlutterFirebaseAuthRegistrar"
116-->[:firebase_auth] AndroidManifest.xml:10:17-124
117                android:value="com.google.firebase.components.ComponentRegistrar" />
117-->[:firebase_auth] AndroidManifest.xml:11:17-82
118            <meta-data
118-->[:firebase_core] AndroidManifest.xml:9:13-11:85
119                android:name="com.google.firebase.components:io.flutter.plugins.firebase.core.FlutterFirebaseCoreRegistrar"
119-->[:firebase_core] AndroidManifest.xml:10:17-124
120                android:value="com.google.firebase.components.ComponentRegistrar" />
120-->[:firebase_core] AndroidManifest.xml:11:17-82
121            <meta-data
121-->[com.google.firebase:firebase-auth:20.0.1] AndroidManifest.xml:77:13-79:85
122                android:name="com.google.firebase.components:com.google.firebase.auth.FirebaseAuthRegistrar"
122-->[com.google.firebase:firebase-auth:20.0.1] AndroidManifest.xml:78:17-109
123                android:value="com.google.firebase.components.ComponentRegistrar" />
123-->[com.google.firebase:firebase-auth:20.0.1] AndroidManifest.xml:79:17-82
124            <meta-data
124-->[com.google.firebase:firebase-firestore:22.0.1] AndroidManifest.xml:20:13-22:85
125                android:name="com.google.firebase.components:com.google.firebase.firestore.FirestoreRegistrar"
125-->[com.google.firebase:firebase-firestore:22.0.1] AndroidManifest.xml:21:17-111
126                android:value="com.google.firebase.components.ComponentRegistrar" />
126-->[com.google.firebase:firebase-firestore:22.0.1] AndroidManifest.xml:22:17-82
127            <!--
128                This registrar is not defined in the dynamic-module-support sdk itself to allow non-firebase
129                clients to use it as well, by defining this registrar in their own core/common library.
130            -->
131            <meta-data
131-->[com.google.firebase:firebase-common:19.5.0] AndroidManifest.xml:43:13-45:85
132                android:name="com.google.firebase.components:com.google.firebase.dynamicloading.DynamicLoadingRegistrar"
132-->[com.google.firebase:firebase-common:19.5.0] AndroidManifest.xml:44:17-121
133                android:value="com.google.firebase.components.ComponentRegistrar" />
133-->[com.google.firebase:firebase-common:19.5.0] AndroidManifest.xml:45:17-82
134        </service>
135
136        <activity
136-->[com.google.firebase:firebase-auth:20.0.1] AndroidManifest.xml:27:9-44:20
137            android:name="com.google.firebase.auth.internal.GenericIdpActivity"
137-->[com.google.firebase:firebase-auth:20.0.1] AndroidManifest.xml:28:13-80
138            android:excludeFromRecents="true"
138-->[com.google.firebase:firebase-auth:20.0.1] AndroidManifest.xml:29:13-46
139            android:exported="true"
139-->[com.google.firebase:firebase-auth:20.0.1] AndroidManifest.xml:30:13-36
140            android:launchMode="singleTask"
140-->[com.google.firebase:firebase-auth:20.0.1] AndroidManifest.xml:31:13-44
141            android:theme="@android:style/Theme.Translucent.NoTitleBar" >
141-->[com.google.firebase:firebase-auth:20.0.1] AndroidManifest.xml:32:13-72
142            <intent-filter>
142-->[com.google.firebase:firebase-auth:20.0.1] AndroidManifest.xml:33:13-43:29
143                <action android:name="android.intent.action.VIEW" />
143-->[com.google.firebase:firebase-auth:20.0.1] AndroidManifest.xml:34:17-69
143-->[com.google.firebase:firebase-auth:20.0.1] AndroidManifest.xml:34:25-66
144
145                <category android:name="android.intent.category.DEFAULT" />
145-->[com.google.firebase:firebase-auth:20.0.1] AndroidManifest.xml:36:17-76
145-->[com.google.firebase:firebase-auth:20.0.1] AndroidManifest.xml:36:27-73
146                <category android:name="android.intent.category.BROWSABLE" />
146-->[com.google.firebase:firebase-auth:20.0.1] AndroidManifest.xml:37:17-78
146-->[com.google.firebase:firebase-auth:20.0.1] AndroidManifest.xml:37:27-75
147
148                <data
148-->[com.google.firebase:firebase-auth:20.0.1] AndroidManifest.xml:39:17-42:51
149                    android:host="firebase.auth"
149-->[com.google.firebase:firebase-auth:20.0.1] AndroidManifest.xml:40:21-49
150                    android:path="/"
150-->[com.google.firebase:firebase-auth:20.0.1] AndroidManifest.xml:41:21-37
151                    android:scheme="genericidp" />
151-->[com.google.firebase:firebase-auth:20.0.1] AndroidManifest.xml:42:21-48
152            </intent-filter>
153        </activity>
154        <activity
154-->[com.google.firebase:firebase-auth:20.0.1] AndroidManifest.xml:45:9-62:20
155            android:name="com.google.firebase.auth.internal.RecaptchaActivity"
155-->[com.google.firebase:firebase-auth:20.0.1] AndroidManifest.xml:46:13-79
156            android:excludeFromRecents="true"
156-->[com.google.firebase:firebase-auth:20.0.1] AndroidManifest.xml:47:13-46
157            android:exported="true"
157-->[com.google.firebase:firebase-auth:20.0.1] AndroidManifest.xml:48:13-36
158            android:launchMode="singleTask"
158-->[com.google.firebase:firebase-auth:20.0.1] AndroidManifest.xml:49:13-44
159            android:theme="@android:style/Theme.Translucent.NoTitleBar" >
159-->[com.google.firebase:firebase-auth:20.0.1] AndroidManifest.xml:50:13-72
160            <intent-filter>
160-->[com.google.firebase:firebase-auth:20.0.1] AndroidManifest.xml:51:13-61:29
161                <action android:name="android.intent.action.VIEW" />
161-->[com.google.firebase:firebase-auth:20.0.1] AndroidManifest.xml:34:17-69
161-->[com.google.firebase:firebase-auth:20.0.1] AndroidManifest.xml:34:25-66
162
163                <category android:name="android.intent.category.DEFAULT" />
163-->[com.google.firebase:firebase-auth:20.0.1] AndroidManifest.xml:36:17-76
163-->[com.google.firebase:firebase-auth:20.0.1] AndroidManifest.xml:36:27-73
164                <category android:name="android.intent.category.BROWSABLE" />
164-->[com.google.firebase:firebase-auth:20.0.1] AndroidManifest.xml:37:17-78
164-->[com.google.firebase:firebase-auth:20.0.1] AndroidManifest.xml:37:27-75
165
166                <data
166-->[com.google.firebase:firebase-auth:20.0.1] AndroidManifest.xml:39:17-42:51
167                    android:host="firebase.auth"
167-->[com.google.firebase:firebase-auth:20.0.1] AndroidManifest.xml:40:21-49
168                    android:path="/"
168-->[com.google.firebase:firebase-auth:20.0.1] AndroidManifest.xml:41:21-37
169                    android:scheme="recaptcha" />
169-->[com.google.firebase:firebase-auth:20.0.1] AndroidManifest.xml:42:21-48
170            </intent-filter>
171        </activity>
172
173        <service
173-->[com.google.firebase:firebase-auth:20.0.1] AndroidManifest.xml:64:9-73:19
174            android:name="com.google.firebase.auth.api.fallback.service.FirebaseAuthFallbackService"
174-->[com.google.firebase:firebase-auth:20.0.1] AndroidManifest.xml:65:13-101
175            android:enabled="true"
175-->[com.google.firebase:firebase-auth:20.0.1] AndroidManifest.xml:66:13-35
176            android:exported="false" >
176-->[com.google.firebase:firebase-auth:20.0.1] AndroidManifest.xml:67:13-37
177            <intent-filter>
177-->[com.google.firebase:firebase-auth:20.0.1] AndroidManifest.xml:68:13-72:29
178                <action android:name="com.google.firebase.auth.api.gms.service.START" />
178-->[com.google.firebase:firebase-auth:20.0.1] AndroidManifest.xml:69:17-89
178-->[com.google.firebase:firebase-auth:20.0.1] AndroidManifest.xml:69:25-86
179
180                <category android:name="android.intent.category.DEFAULT" />
180-->[com.google.firebase:firebase-auth:20.0.1] AndroidManifest.xml:36:17-76
180-->[com.google.firebase:firebase-auth:20.0.1] AndroidManifest.xml:36:27-73
181            </intent-filter>
182        </service>
183
184        <activity
184-->[com.google.android.gms:play-services-base:17.2.1] AndroidManifest.xml:23:9-26:75
185            android:name="com.google.android.gms.common.api.GoogleApiActivity"
185-->[com.google.android.gms:play-services-base:17.2.1] AndroidManifest.xml:24:13-79
186            android:exported="false"
186-->[com.google.android.gms:play-services-base:17.2.1] AndroidManifest.xml:25:13-37
187            android:theme="@android:style/Theme.Translucent.NoTitleBar" />
187-->[com.google.android.gms:play-services-base:17.2.1] AndroidManifest.xml:26:13-72
188
189        <provider
189-->[com.google.firebase:firebase-common:19.5.0] AndroidManifest.xml:26:9-31:39
190            android:name="com.google.firebase.provider.FirebaseInitProvider"
190-->[com.google.firebase:firebase-common:19.5.0] AndroidManifest.xml:27:13-77
191            android:authorities="com.naxcentsolution.first_flutter.firebaseinitprovider"
191-->[com.google.firebase:firebase-common:19.5.0] AndroidManifest.xml:28:13-72
192            android:directBootAware="true"
192-->[com.google.firebase:firebase-common:19.5.0] AndroidManifest.xml:29:13-43
193            android:exported="false"
193-->[com.google.firebase:firebase-common:19.5.0] AndroidManifest.xml:30:13-37
194            android:initOrder="100" />
194-->[com.google.firebase:firebase-common:19.5.0] AndroidManifest.xml:31:13-36
195
196        <meta-data
196-->[com.google.android.gms:play-services-basement:17.2.1] AndroidManifest.xml:23:9-25:69
197            android:name="com.google.android.gms.version"
197-->[com.google.android.gms:play-services-basement:17.2.1] AndroidManifest.xml:24:13-58
198            android:value="@integer/google_play_services_version" />
198-->[com.google.android.gms:play-services-basement:17.2.1] AndroidManifest.xml:25:13-66
199    </application>
200
201</manifest>